<?xml version="1.0" encoding="UTF-8"?>
<!-- Generated by org.testng.reporters.JUnitReportReporter -->
<testsuite hostname="Rutuja-PC" failures="0" tests="1" name="com.orangehrm.hybridframe.testCases.LoginTC" time="7.678" errors="0" timestamp="2021-12-09T18:04:41 CST" skipped="0">
  <testcase classname="com.orangehrm.hybridframe.testCases.LoginTC" name="loginOrangeHrmTest" time="7.678"/>
  <system-out/>
</testsuite> <!-- com.orangehrm.hybridframe.testCases.LoginTC -->
